#
# There is insufficient memory for the Java Runtime Environment to continue.
# Native memory allocation (mmap) failed to map 8589934592 bytes for Failed to commit area from 0x0000000600000000 to 0x0000000800000000 of length 8589934592.
# Possible reasons:
#   The system is out of physical RAM or swap space
#   The process is running with CompressedOops enabled, and the Java Heap may be blocking the growth of the native heap
# Possible solutions:
#   Reduce memory load on the system
#   Increase physical memory or swap space
#   Check if swap backing store is full
#   Decrease Java heap size (-Xmx/-Xms)
#   Decrease number of Java threads
#   Decrease Java thread stack sizes (-Xss)
#   Set larger code cache with -XX:ReservedCodeCacheSize=
#   JVM is running with Zero Based Compressed Oops mode in which the Java heap is
#     placed in the first 32GB address space. The Java Heap base address is the
#     maximum limit for the native heap growth. Please use -XX:HeapBaseMinAddress
#     to set the Java Heap base and to place the Java Heap above 32GB virtual address.
# This output file may be truncated or incomplete.
#
#  Out of Memory Error (./open/src/hotspot/os/windows/os_windows.cpp:3315), pid=1620, tid=3504
#
# JRE version:  (14.0.2+12) (build )
# Java VM: Java HotSpot(TM) 64-Bit Server VM (14.0.2+12-46, mixed mode, sharing, tiered, compressed oops, g1 gc, windows-amd64)
# No core dump will be written. Minidumps are not enabled by default on client versions of Windows
#

---------------  S U M M A R Y ------------

Command Line: -Dfile.encoding=UTF-8 -Xms8g -Xmx8g -Djava.net.preferIPv4Stack=true mygame.Main

Host: AMD Ryzen 5 2600X Six-Core Processor           , 12 cores, 31G,  Windows 10 , 64 bit Build 19041 (10.0.19041.1348)
Time: Mon Dec  6 18:01:46 2021 RTZ 2 (зима) elapsed time: 0 seconds (0d 0h 0m 0s)

---------------  T H R E A D  ---------------

Current thread (0x0000020be72a1800):  JavaThread "Unknown thread" [_thread_in_vm, id=3504, stack(0x000000a156800000,0x000000a156900000)]

Stack: [0x000000a156800000,0x000000a156900000]
Native frames: (J=compiled Java code, j=interpreted, Vv=VM code, C=native code)
V  [jvm.dll+0x5f8a9a]
V  [jvm.dll+0x74247a]
V  [jvm.dll+0x743c2f]
V  [jvm.dll+0x744273]
V  [jvm.dll+0x20d288]
V  [jvm.dll+0x5f5dea]
V  [jvm.dll+0x5eac45]
V  [jvm.dll+0x2c7e9c]
V  [jvm.dll+0x2c7cd2]
V  [jvm.dll+0x2cdbbc]
V  [jvm.dll+0x313fe8]
V  [jvm.dll+0x313710]
V  [jvm.dll+0x2a092a]
V  [jvm.dll+0x2a1a79]
V  [jvm.dll+0x71fd48]
V  [jvm.dll+0x321c14]
V  [jvm.dll+0x70112c]
V  [jvm.dll+0x392def]
V  [jvm.dll+0x394e61]
C  [jli.dll+0x524b]
C  [ucrtbase.dll+0x21bb2]
C  [KERNEL32.DLL+0x17034]
C  [ntdll.dll+0x52651]


---------------  P R O C E S S  ---------------

Threads class SMR info:
_java_thread_list=0x00007ff8bc713038, length=0, elements={
}

Java Threads: ( => current thread )

Other Threads:
  0x0000020be7319800 GCTaskThread "GC Thread#0" [stack: 0x000000a156900000,0x000000a156a00000] [id=10352]
  0x0000020be732c000 ConcurrentGCThread "G1 Main Marker" [stack: 0x000000a156a00000,0x000000a156b00000] [id=12936]
  0x0000020be732f000 ConcurrentGCThread "G1 Conc#0" [stack: 0x000000a156b00000,0x000000a156c00000] [id=11964]

[error occurred during error reporting (printing all threads), id 0xc0000005, EXCEPTION_ACCESS_VIOLATION (0xc0000005) at pc=0x00007ff8bbf41257]

VM state:not at safepoint (not fully initialized)

VM Mutex/Monitor currently owned by a thread:  ([mutex/lock_event])
[0x0000020be729d530] Heap_lock - owner thread: 0x0000020be72a1800

Heap address: 0x0000000600000000, size: 8192 MB, Compressed Oops mode: Zero based, Oop shift amount: 3
Narrow klass base: 0x0000000000000000, Narrow klass shift: 0

GC Heap History (0 events):
No events

Deoptimization events (0 events):
No events

Classes unloaded (0 events):
No events

Classes redefined (0 events):
No events

Internal exceptions (0 events):
No events

Events (2 events):
Event: 0.005 Loaded shared library C:\Program Files\Java\jdk-14\bin\java.dll
Event: 0.005 Loaded shared library C:\Program Files\Java\jdk-14\bin\zip.dll


Dynamic libraries:
0x00007ff6863e0000 - 0x00007ff6863ef000 	C:\Program Files\Java\jdk-14\bin\java.exe
0x00007ff90a510000 - 0x00007ff90a705000 	C:\WINDOWS\SYSTEM32\ntdll.dll
0x00007ff908b40000 - 0x00007ff908bfe000 	C:\WINDOWS\System32\KERNEL32.DLL
0x00007ff907d10000 - 0x00007ff907fd8000 	C:\WINDOWS\System32\KERNELBASE.dll
0x00007ff9082d0000 - 0x00007ff9083d0000 	C:\WINDOWS\System32\ucrtbase.dll
0x00007ff8fafa0000 - 0x00007ff8fafb8000 	C:\Program Files\Java\jdk-14\bin\jli.dll
0x00007ff8ffb20000 - 0x00007ff8ffb35000 	C:\Program Files\Java\jdk-14\bin\VCRUNTIME140.dll
0x00007ff908e90000 - 0x00007ff908f3c000 	C:\WINDOWS\System32\ADVAPI32.dll
0x00007ff908fd0000 - 0x00007ff90906e000 	C:\WINDOWS\System32\msvcrt.dll
0x00007ff909f20000 - 0x00007ff909fbb000 	C:\WINDOWS\System32\sechost.dll
0x00007ff908590000 - 0x00007ff9086ba000 	C:\WINDOWS\System32\RPCRT4.dll
0x00007ff908ce0000 - 0x00007ff908e81000 	C:\WINDOWS\System32\USER32.dll
0x00007ff9080c0000 - 0x00007ff9080e2000 	C:\WINDOWS\System32\win32u.dll
0x00007ff8f6aa0000 - 0x00007ff8f6d3a000 	C:\WINDOWS\WinSxS\amd64_microsoft.windows.common-controls_6595b64144ccf1df_6.0.19041.1110_none_60b5254171f9507e\COMCTL32.dll
0x00007ff908fa0000 - 0x00007ff908fcb000 	C:\WINDOWS\System32\GDI32.dll
0x00007ff907c00000 - 0x00007ff907d0b000 	C:\WINDOWS\System32\gdi32full.dll
0x00007ff9080f0000 - 0x00007ff90818d000 	C:\WINDOWS\System32\msvcp_win.dll
0x00007ff8ff200000 - 0x00007ff8ff20a000 	C:\WINDOWS\SYSTEM32\VERSION.dll
0x00007ff90a470000 - 0x00007ff90a4a0000 	C:\WINDOWS\System32\IMM32.DLL
0x00007ff8f29a0000 - 0x00007ff8f2a3b000 	C:\Program Files\Java\jdk-14\bin\msvcp140.dll
0x00007ff8bbc90000 - 0x00007ff8bc7ae000 	C:\Program Files\Java\jdk-14\bin\server\jvm.dll
0x00007ff909f10000 - 0x00007ff909f18000 	C:\WINDOWS\System32\PSAPI.DLL
0x00007ff8fd990000 - 0x00007ff8fd9b7000 	C:\WINDOWS\SYSTEM32\WINMM.dll
0x00007ff903b50000 - 0x00007ff903b59000 	C:\WINDOWS\SYSTEM32\WSOCK32.dll
0x00007ff909070000 - 0x00007ff9090db000 	C:\WINDOWS\System32\WS2_32.dll
0x00007ff905b20000 - 0x00007ff905b32000 	C:\WINDOWS\SYSTEM32\kernel.appcore.dll
0x00007ff903b20000 - 0x00007ff903b2a000 	C:\Program Files\Java\jdk-14\bin\jimage.dll
0x00007ff901090000 - 0x00007ff901274000 	C:\WINDOWS\SYSTEM32\DBGHELP.DLL
0x00007ff8fa840000 - 0x00007ff8fa86c000 	C:\WINDOWS\SYSTEM32\dbgcore.DLL
0x00007ff908030000 - 0x00007ff9080b3000 	C:\WINDOWS\System32\bcryptPrimitives.dll
0x00007ff8ff2b0000 - 0x00007ff8ff2d5000 	C:\Program Files\Java\jdk-14\bin\java.dll
0x00007ff8f5550000 - 0x00007ff8f5566000 	C:\Program Files\Java\jdk-14\bin\zip.dll

dbghelp: loaded successfully - version: 4.0.5 - missing functions: none
symbol engine: initialized successfully - sym options: 0x614 - pdb path: .;C:\Program Files\Java\jdk-14\bin;C:\WINDOWS\SYSTEM32;C:\WINDOWS\WinSxS\amd64_microsoft.windows.common-controls_6595b64144ccf1df_6.0.19041.1110_none_60b5254171f9507e;C:\Program Files\Java\jdk-14\bin\server

VM Arguments:
jvm_args: -Dfile.encoding=UTF-8 -Xms8g -Xmx8g -Djava.net.preferIPv4Stack=true 
java_command: mygame.Main
java_class_path (initial): D:\work\NBprojects\Nodes_withoutsort\libs\commons-collections4-4.1.jar;D:\work\NBprojects\Nodes_withoutsort\libs\poi-4.0.1\poi-4.0.1.jar;D:\work\NBprojects\Nodes_withoutsort\libs\poi-4.0.1\poi-ooxml-4.0.1.jar;D:\work\NBprojects\Nodes_withoutsort\libs\poi-4.0.1\lib\commons-compress-1.18.jar;D:\work\NBprojects\Nodes_withoutsort\libs\poi-4.0.1\poi-ooxml-schemas-4.0.1.jar;D:\work\NBprojects\jME3.3.2-stable\lib\core.jar;D:\work\NBprojects\jME3.3.2-stable\lib\dense64.jar;D:\work\NBprojects\jME3.3.2-stable\lib\denseC64.jar;D:\work\NBprojects\jME3.3.2-stable\lib\gluegen-rt-main.jar;D:\work\NBprojects\jME3.3.2-stable\lib\gluegen-rt-natives-android-aarch64.jar;D:\work\NBprojects\jME3.3.2-stable\lib\gluegen-rt-natives-android-armv6.jar;D:\work\NBprojects\jME3.3.2-stable\lib\gluegen-rt-natives-linux-amd64.jar;D:\work\NBprojects\jME3.3.2-stable\lib\gluegen-rt-natives-linux-armv6.jar;D:\work\NBprojects\jME3.3.2-stable\lib\gluegen-rt-natives-linux-armv6hf.jar;D:\work\NBprojects\jME3.3.2-stable\lib\gluegen-rt-natives-linux-i586.jar;D:\work\NBprojects\jME3.3.2-stable\lib\gluegen-rt-natives-macosx-universal.jar;D:\work\NBprojects\jME3.3.2-stable\lib\gluegen-rt-natives-solaris-amd64.jar;D:\work\NBprojects\jME3.3.2-stable\lib\gluegen-rt-natives-solaris-i586.jar;D:\work\NBprojects\jME3.3.2-stable\lib\gluegen-rt-natives-windows-amd64.jar;D:\work\NBprojects\jME3.3.2-stable\lib\gluegen-rt-natives-windows-i586.jar;D:\work\NBprojects\jME3.3.2-stable\lib\gluegen-rt.jar;D:\work\NBprojects\jME3.3.2-stable\lib\gson.jar;D:\work\NBprojects\jME3.3.2-stable\lib\j-ogg-all.jar;D:\work\NBprojects\jME3.3.2-stable\lib\jinput-platform-natives-linux.jar;D:\work\NBprojects\jME3.3.2-stable\lib\jinput-platform-natives-osx.jar;D:\work\NBprojects\jME3.3.2-stable\lib\jinput-platform-natives-windows.jar;D:\work\NBprojects\jME3.3.2-stable\lib\jinput.jar;D:\work\NBprojects\jME3.3.2-stable\lib\jme3-blender.jar;D:\work\NBprojects\jME3.3.2-stable\lib\jme3-bullet-native.jar;D:\work\NBprojec
Launcher Type: SUN_STANDARD

[Global flags]
     intx CICompilerCount                          = 4                                         {product} {ergonomic}
     uint ConcGCThreads                            = 3                                         {product} {ergonomic}
     uint G1ConcRefinementThreads                  = 10                                        {product} {ergonomic}
   size_t G1HeapRegionSize                         = 4194304                                   {product} {ergonomic}
    uintx GCDrainStackTargetSize                   = 64                                        {product} {ergonomic}
   size_t InitialHeapSize                          = 8589934592                                {product} {command line}
   size_t MarkStackSize                            = 4194304                                   {product} {ergonomic}
   size_t MaxHeapSize                              = 8589934592                                {product} {command line}
   size_t MinHeapDeltaBytes                        = 4194304                                   {product} {ergonomic}
   size_t MinHeapSize                              = 8589934592                                {product} {command line}
    uintx NonNMethodCodeHeapSize                   = 5839372                                {pd product} {ergonomic}
    uintx NonProfiledCodeHeapSize                  = 122909434                              {pd product} {ergonomic}
    uintx ProfiledCodeHeapSize                     = 122909434                              {pd product} {ergonomic}
    uintx ReservedCodeCacheSize                    = 251658240                              {pd product} {ergonomic}
     bool SegmentedCodeCache                       = true                                      {product} {ergonomic}
   size_t SoftMaxHeapSize                          = 8589934592                             {manageable} {ergonomic}
     bool UseCompressedClassPointers               = true                                 {lp64_product} {ergonomic}
     bool UseCompressedOops                        = true                                 {lp64_product} {ergonomic}
     bool UseG1GC                                  = true                                      {product} {ergonomic}
     bool UseLargePagesIndividualAllocation        = false                                  {pd product} {ergonomic}

Logging:
Log output configuration:
 #0: stdout all=warning uptime,level,tags
 #1: stderr all=off uptime,level,tags

Environment Variables:
_JAVA_OPTIONS=-Djava.net.preferIPv4Stack=true
PATH=C:\Program Files (x86)\Common Files\Oracle\Java\javapath;E:\Oculus\Support\oculus-runtime;C:\Windows\system32;C:\Windows;C:\Windows\System32\Wbem;C:\Windows\System32\WindowsPowerShell\v1.0\;C:\Windows\System32\OpenSSH\;C:\WINDOWS\system32;C:\WINDOWS;C:\WINDOWS\System32\Wbem;C:\WINDOWS\System32\WindowsPowerShell\v1.0\;C:\WINDOWS\System32\OpenSSH\;D:\work\matlab\runtime\win64;D:\work\matlab\bin;D:\work\matlab\polyspace\bin;C:\Program Files\dotnet\;C:\Users\itism\AppData\Local\Microsoft\WindowsApps;
USERNAME=itism
OS=Windows_NT
PROCESSOR_IDENTIFIER=AMD64 Family 23 Model 8 Stepping 2, AuthenticAMD



---------------  S Y S T E M  ---------------

OS: Windows 10 , 64 bit Build 19041 (10.0.19041.1348)
OS uptime: 12 days 14:26 hours

CPU:total 12 (initial active 12) (12 cores per cpu, 2 threads per core) family 23 model 8 stepping 2, cmov, cx8, fxsr, mmx, sse, sse2, sse3, ssse3, sse4.1, sse4.2, popcnt, avx, avx2, aes, clmul, mmxext, 3dnowpref, lzcnt, sse4a, ht, tsc, tscinvbit, tscinv, bmi1, bmi2, adx, sha, fma

Memory: 4k page, system-wide physical 32699M (18859M free)
TotalPageFile size 39355M (AvailPageFile size 626M)
current process WorkingSet (physical memory assigned to process): 10M, peak: 10M
current process commit charge ("private bytes"): 64M, peak: 8256M

vm_info: Java HotSpot(TM) 64-Bit Server VM (14.0.2+12-46) for windows-amd64 JRE (14.0.2+12-46), built on Jul  9 2020 00:35:52 by "mach5one" with MS VC++ 15.9 (VS2017)

END.
